
SQL*Loader: Release 12.2.0.1.0 - Production on Mon Mar 15 23:39:46 2021

Copyright (c) 1982, 2017, Oracle and/or its affiliates.  All rights reserved.

Control File:   E:\Documents\SQLDATA\netflix_titles.ctl
Data File:      E:\Documents\SQLDATA\netflix_titles.csv
  Bad File:     E:\Documents\SQLDATA\netflix_titles.bad
  Discard File:  none specified
 
 (Allow all discards)

Number to load: ALL
Number to skip: 0
Errors allowed: 50
Continuation:    none specified
Path used:      Direct

Table MEDIA, loaded from every logical record.
Insert option in effect for this table: APPEND

   Column Name                  Position   Len  Term Encl Datatype
------------------------------ ---------- ----- ---- ---- ---------------------
MEDIAID                             FIRST     *   ,  O(") CHARACTER            
MEDIANAME                            NEXT   100   ,  O(") CHARACTER            
X1                                   NEXT     *   ,  O(") CHARACTER            
  (FILLER FIELD)
X2                                   NEXT  1000   ,  O(") CHARACTER            
  (FILLER FIELD)
X3                                   NEXT     *   ,  O(") CHARACTER            
  (FILLER FIELD)
YEAR                                 NEXT     *   ,  O(") CHARACTER            
X4                                   NEXT     *   ,  O(") CHARACTER            
  (FILLER FIELD)
X5                                   NEXT     *   ,  O(") CHARACTER            
  (FILLER FIELD)
SYNOPSIS                             NEXT  1000   ,  O(") CHARACTER            
FRANCHISEID                          NEXT     *   ,  O(") CHARACTER            
LANGUAGEID                           NEXT     *   ,  O(") CHARACTER            
X6                                   NEXT     *   ,  O(") CHARACTER            
  (FILLER FIELD)
X7                                   NEXT     *   ,  O(") CHARACTER            
  (FILLER FIELD)
X8                                   NEXT     *   ,  O(") CHARACTER            
  (FILLER FIELD)
COMPANYID                            NEXT     *   ,  O(") CHARACTER            

Table TVSHOW, loaded from every logical record.
Insert option in effect for this table: APPEND
TRAILING NULLCOLS option in effect

   Column Name                  Position   Len  Term Encl Datatype
------------------------------ ---------- ----- ---- ---- ---------------------
TVSHOWID                                1     *   ,  O(") CHARACTER            
X1                                   NEXT   100   ,  O(") CHARACTER            
  (FILLER FIELD)
X2                                   NEXT     *   ,  O(") CHARACTER            
  (FILLER FIELD)
X3                                   NEXT  1000   ,  O(") CHARACTER            
  (FILLER FIELD)
X4                                   NEXT     *   ,  O(") CHARACTER            
  (FILLER FIELD)
X5                                   NEXT     *   ,  O(") CHARACTER            
  (FILLER FIELD)
SEASONCOUNT                          NEXT     *   ,  O(") CHARACTER            
X6                                   NEXT     *   ,  O(") CHARACTER            
  (FILLER FIELD)
X7                                   NEXT  1000   ,  O(") CHARACTER            
  (FILLER FIELD)
X8                                   NEXT     *   ,  O(") CHARACTER            
  (FILLER FIELD)
X9                                   NEXT     *   ,  O(") CHARACTER            
  (FILLER FIELD)
X10                                  NEXT     *   ,  O(") CHARACTER            
  (FILLER FIELD)
EPISODELENGTH                        NEXT     *   ,  O(") CHARACTER            
EPISODECOUNT                         NEXT     *   ,  O(") CHARACTER            
X11                                  NEXT     *   ,  O(") CHARACTER            
  (FILLER FIELD)


Referential Integrity Constraint/Trigger Information:
NULL, UNIQUE, and PRIMARY KEY constraints are unaffected.

Constraint MEDIA.FK_MEDIA_FRANCHISE was disabled and novalidated before the load.
Constraint MEDIA.FK_MEDIA_COMPANY was disabled and novalidated before the load.
Constraint TVSHOW.FK_TVSHOW_MEDIA was disabled and novalidated before the load.
The following index(es) on table MEDIA were processed:
index MEDIA.SYS_C00289121 loaded successfully with 2404 keys
The following index(es) on table TVSHOW were processed:
index MEDIA.SYS_C00289139 loaded successfully with 2404 keys
MEDIA.FK_MEDIA_FRANCHISE was re-enabled.
MEDIA.FK_MEDIA_COMPANY was re-enabled.
TVSHOW.FK_TVSHOW_MEDIA was re-enabled.

Table MEDIA has no constraint exception table.
MEDIA.FK_MEDIA_FRANCHISE was not re-validated due to ORACLE error.
ORA-02298: cannot validate (MEDIA.FK_MEDIA_FRANCHISE) - parent keys not found

Constraint MEDIA.FK_MEDIA_COMPANY was validated

Table TVSHOW has no constraint exception table.
Constraint TVSHOW.FK_TVSHOW_MEDIA was validated

Table MEDIA:
  2404 Rows successfully loaded.
  0 Rows not loaded due to data errors.
  0 Rows not loaded because all WHEN clauses were failed.
  0 Rows not loaded because all fields were null.


Table TVSHOW:
  2404 Rows successfully loaded.
  0 Rows not loaded due to data errors.
  0 Rows not loaded because all WHEN clauses were failed.
  0 Rows not loaded because all fields were null.

Bind array size not used in direct path.
Column array  rows :    5000
Stream buffer bytes:  256000
Read   buffer bytes: 1048576

Total logical records skipped:          0
Total logical records read:          2404
Total logical records rejected:         0
Total logical records discarded:        0
Total stream buffers loaded by SQL*Loader main thread:        2
Total stream buffers loaded by SQL*Loader load thread:        1

Run began on Mon Mar 15 23:39:46 2021
Run ended on Mon Mar 15 23:39:47 2021

Elapsed time was:     00:00:00.92
CPU time was:         00:00:00.25
